<?xml version="1.0" encoding="UTF-8"?>
<testng-results ignored="10" total="22" passed="11" failed="1" skipped="0">
  <reporter-output>
  </reporter-output>
  <suite started-at="2020-07-20T15:12:29Z" name="CompleteTest" finished-at="2020-07-20T15:12:29Z" duration-ms="0">
    <groups>
    </groups>
  </suite> <!-- CompleteTest -->
  <suite started-at="2020-07-20T15:09:56Z" name="LoginTestSuite" finished-at="2020-07-20T15:10:30Z" duration-ms="34754">
    <groups>
      <group name="positiveTests">
        <method signature="LoginTests.positiveLoginTest(java.lang.String, java.lang.String)[pri:1, instance:com.mundijuegos.loginTest.LoginTests@f14a7d4]" name="positiveLoginTest" class="com.mundijuegos.loginTest.LoginTests"/>
        <method signature="LoginTests.positiveLoginTest(java.lang.String, java.lang.String)[pri:1, instance:com.mundijuegos.loginTest.LoginTests@58594a11]" name="positiveLoginTest" class="com.mundijuegos.loginTest.LoginTests"/>
      </group> <!-- positiveTests -->
      <group name="negativeTests">
        <method signature="LoginTests.negativeLoginTests(java.lang.String, java.lang.String)[pri:2, instance:com.mundijuegos.loginTest.LoginTests@1722011b]" name="negativeLoginTests" class="com.mundijuegos.loginTest.LoginTests"/>
        <method signature="LoginTests.negativeLoginTests(java.lang.String, java.lang.String)[pri:2, instance:com.mundijuegos.loginTest.LoginTests@275bf9b3]" name="negativeLoginTests" class="com.mundijuegos.loginTest.LoginTests"/>
      </group> <!-- negativeTests -->
    </groups>
    <test started-at="2020-07-20T15:09:56Z" name="PositiveTest - CHROME" finished-at="2020-07-20T15:10:06Z" duration-ms="10428">
      <class name="com.mundijuegos.loginTest.LoginTests">
        <test-method is-config="true" signature="Setup(java.lang.String, org.testng.ITestContext)[pri:0, instance:com.mundijuegos.loginTest.LoginTests@f14a7d4]" started-at="2020-07-20T15:09:56Z" name="Setup" finished-at="2020-07-20T15:10:02Z" duration-ms="6031" status="PASS">
          <params>
            <param index="0">
              <value>
                <![CDATA[chrome]]>
              </value>
            </param>
            <param index="1">
              <value>
                <![CDATA[org.testng.TestRunner@7b451bf4]]>
              </value>
            </param>
          </params>
          <reporter-output>
          </reporter-output>
        </test-method> <!-- Setup -->
        <test-method signature="positiveLoginTest(java.lang.String, java.lang.String)[pri:1, instance:com.mundijuegos.loginTest.LoginTests@f14a7d4]" started-at="2020-07-20T15:10:02Z" name="positiveLoginTest" finished-at="2020-07-20T15:10:06Z" duration-ms="3761" status="PASS">
          <params>
            <param index="0">
              <value>
                <![CDATA[Nicoroots]]>
              </value>
            </param>
            <param index="1">
              <value>
                <![CDATA[Baator1985]]>
              </value>
            </param>
          </params>
          <reporter-output>
          </reporter-output>
        </test-method> <!-- positiveLoginTest -->
        <test-method is-config="true" signature="tearDown()[pri:0, instance:com.mundijuegos.loginTest.LoginTests@f14a7d4]" started-at="2020-07-20T15:10:06Z" name="tearDown" finished-at="2020-07-20T15:10:06Z" duration-ms="612" status="PASS">
          <reporter-output>
          </reporter-output>
        </test-method> <!-- tearDown -->
      </class> <!-- com.mundijuegos.loginTest.LoginTests -->
    </test> <!-- PositiveTest - CHROME -->
    <test started-at="2020-07-20T15:10:06Z" name="PositiveTest - FIREFOX" finished-at="2020-07-20T15:10:15Z" duration-ms="8738">
      <class name="com.mundijuegos.loginTest.LoginTests">
        <test-method is-config="true" signature="Setup(java.lang.String, org.testng.ITestContext)[pri:0, instance:com.mundijuegos.loginTest.LoginTests@58594a11]" started-at="2020-07-20T15:10:06Z" name="Setup" finished-at="2020-07-20T15:10:09Z" duration-ms="2942" status="PASS">
          <params>
            <param index="0">
              <value>
                <![CDATA[firefox]]>
              </value>
            </param>
            <param index="1">
              <value>
                <![CDATA[org.testng.TestRunner@844e66d]]>
              </value>
            </param>
          </params>
          <reporter-output>
          </reporter-output>
        </test-method> <!-- Setup -->
        <test-method signature="positiveLoginTest(java.lang.String, java.lang.String)[pri:1, instance:com.mundijuegos.loginTest.LoginTests@58594a11]" started-at="2020-07-20T15:10:09Z" name="positiveLoginTest" finished-at="2020-07-20T15:10:14Z" duration-ms="4434" status="PASS">
          <params>
            <param index="0">
              <value>
                <![CDATA[Nicoroots]]>
              </value>
            </param>
            <param index="1">
              <value>
                <![CDATA[Baator1985]]>
              </value>
            </param>
          </params>
          <reporter-output>
          </reporter-output>
        </test-method> <!-- positiveLoginTest -->
        <test-method is-config="true" signature="tearDown()[pri:0, instance:com.mundijuegos.loginTest.LoginTests@58594a11]" started-at="2020-07-20T15:10:14Z" name="tearDown" finished-at="2020-07-20T15:10:15Z" duration-ms="1361" status="PASS">
          <reporter-output>
          </reporter-output>
        </test-method> <!-- tearDown -->
      </class> <!-- com.mundijuegos.loginTest.LoginTests -->
    </test> <!-- PositiveTest - FIREFOX -->
    <test started-at="2020-07-20T15:10:15Z" name="NegativeTests - CHROME" finished-at="2020-07-20T15:10:23Z" duration-ms="8254">
      <class name="com.mundijuegos.loginTest.LoginTests">
        <test-method is-config="true" signature="Setup(java.lang.String, org.testng.ITestContext)[pri:0, instance:com.mundijuegos.loginTest.LoginTests@1722011b]" started-at="2020-07-20T15:10:15Z" name="Setup" finished-at="2020-07-20T15:10:20Z" duration-ms="5177" status="PASS">
          <params>
            <param index="0">
              <value>
                <![CDATA[chrome]]>
              </value>
            </param>
            <param index="1">
              <value>
                <![CDATA[org.testng.TestRunner@5b665a30]]>
              </value>
            </param>
          </params>
          <reporter-output>
          </reporter-output>
        </test-method> <!-- Setup -->
        <test-method signature="negativeLoginTests(java.lang.String, java.lang.String)[pri:2, instance:com.mundijuegos.loginTest.LoginTests@1722011b]" started-at="2020-07-20T15:10:20Z" name="negativeLoginTests" finished-at="2020-07-20T15:10:23Z" duration-ms="2480" status="PASS">
          <params>
            <param index="0">
              <value>
                <![CDATA[Nicoroots]]>
              </value>
            </param>
            <param index="1">
              <value>
                <![CDATA[IncorrectPassword]]>
              </value>
            </param>
          </params>
          <reporter-output>
          </reporter-output>
        </test-method> <!-- negativeLoginTests -->
        <test-method is-config="true" signature="tearDown()[pri:0, instance:com.mundijuegos.loginTest.LoginTests@1722011b]" started-at="2020-07-20T15:10:23Z" name="tearDown" finished-at="2020-07-20T15:10:23Z" duration-ms="595" status="PASS">
          <reporter-output>
          </reporter-output>
        </test-method> <!-- tearDown -->
      </class> <!-- com.mundijuegos.loginTest.LoginTests -->
    </test> <!-- NegativeTests - CHROME -->
    <test started-at="2020-07-20T15:10:23Z" name="NegativeTests - FIREFOX" finished-at="2020-07-20T15:10:30Z" duration-ms="7305">
      <class name="com.mundijuegos.loginTest.LoginTests">
        <test-method is-config="true" signature="Setup(java.lang.String, org.testng.ITestContext)[pri:0, instance:com.mundijuegos.loginTest.LoginTests@275bf9b3]" started-at="2020-07-20T15:10:23Z" name="Setup" finished-at="2020-07-20T15:10:27Z" duration-ms="3456" status="PASS">
          <params>
            <param index="0">
              <value>
                <![CDATA[firefox]]>
              </value>
            </param>
            <param index="1">
              <value>
                <![CDATA[org.testng.TestRunner@26a45089]]>
              </value>
            </param>
          </params>
          <reporter-output>
          </reporter-output>
        </test-method> <!-- Setup -->
        <test-method signature="negativeLoginTests(java.lang.String, java.lang.String)[pri:2, instance:com.mundijuegos.loginTest.LoginTests@275bf9b3]" started-at="2020-07-20T15:10:27Z" name="negativeLoginTests" finished-at="2020-07-20T15:10:30Z" duration-ms="2885" status="PASS">
          <params>
            <param index="0">
              <value>
                <![CDATA[Nicoroots]]>
              </value>
            </param>
            <param index="1">
              <value>
                <![CDATA[IncorrectPassword]]>
              </value>
            </param>
          </params>
          <reporter-output>
          </reporter-output>
        </test-method> <!-- negativeLoginTests -->
        <test-method is-config="true" signature="tearDown()[pri:0, instance:com.mundijuegos.loginTest.LoginTests@275bf9b3]" started-at="2020-07-20T15:10:30Z" name="tearDown" finished-at="2020-07-20T15:10:30Z" duration-ms="962" status="PASS">
          <reporter-output>
          </reporter-output>
        </test-method> <!-- tearDown -->
      </class> <!-- com.mundijuegos.loginTest.LoginTests -->
    </test> <!-- NegativeTests - FIREFOX -->
  </suite> <!-- LoginTestSuite -->
  <suite started-at="2020-07-20T15:11:15Z" name="RegisterTestSuite" finished-at="2020-07-20T15:12:03Z" duration-ms="48380">
    <groups>
    </groups>
    <test started-at="2020-07-20T15:11:15Z" name="RegisterTest - CHROME" finished-at="2020-07-20T15:11:53Z" duration-ms="38557">
      <class name="com.mundijuegos.registerTest.RegisterTest">
        <test-method is-config="true" signature="Setup(java.lang.String, org.testng.ITestContext)[pri:0, instance:com.mundijuegos.registerTest.RegisterTest@df6620a]" started-at="2020-07-20T15:11:15Z" name="Setup" finished-at="2020-07-20T15:11:20Z" duration-ms="5141" status="PASS">
          <params>
            <param index="0">
              <value>
                <![CDATA[chrome]]>
              </value>
            </param>
            <param index="1">
              <value>
                <![CDATA[org.testng.TestRunner@75ed7512]]>
              </value>
            </param>
          </params>
          <reporter-output>
          </reporter-output>
        </test-method> <!-- Setup -->
        <test-method signature="registerTest()[pri:1, instance:com.mundijuegos.registerTest.RegisterTest@df6620a]" started-at="2020-07-20T15:11:20Z" name="registerTest" finished-at="2020-07-20T15:11:53Z" duration-ms="32775" status="FAIL">
          <exception class="org.openqa.selenium.TimeoutException">
            <message>
              <![CDATA[Expected condition failed: waiting for visibility of element located by By.id: header-user-nom (tried for 30 second(s) with 500 milliseconds interval)]]>
            </message>
            <full-stacktrace>
              <![CDATA[org.openqa.selenium.TimeoutException: Expected condition failed: waiting for visibility of element located by By.id: header-user-nom (tried for 30 second(s) with 500 milliseconds interval)
at org.openqa.selenium.support.ui.WebDriverWait.timeoutException(WebDriverWait.java:95)
at org.openqa.selenium.support.ui.FluentWait.until(FluentWait.java:272)
at com.mundijuegos.pages.BasePageObject.waitFor(BasePageObject.java:124)
at com.mundijuegos.pages.BasePageObject.waitForVisibilityOf(BasePageObject.java:132)
at com.mundijuegos.pages.HeaderAndFooterPageObject.waitForAccountName(HeaderAndFooterPageObject.java:62)
at com.mundijuegos.registerTest.RegisterTest.registerTest(RegisterTest.java:32)
at java.base/jdk.internal.reflect.NativeMethodAccessorImpl.invoke0(Native Method)
at java.base/jdk.internal.reflect.NativeMethodAccessorImpl.invoke(NativeMethodAccessorImpl.java:62)
at java.base/jdk.internal.reflect.DelegatingMethodAccessorImpl.invoke(DelegatingMethodAccessorImpl.java:43)
at java.base/java.lang.reflect.Method.invoke(Method.java:566)
at org.testng.internal.MethodInvocationHelper.invokeMethod(MethodInvocationHelper.java:124)
at org.testng.internal.Invoker.invokeMethod(Invoker.java:583)
at org.testng.internal.Invoker.invokeTestMethod(Invoker.java:719)
at org.testng.internal.Invoker.invokeTestMethods(Invoker.java:989)
at org.testng.internal.TestMethodWorker.invokeTestMethods(TestMethodWorker.java:125)
at org.testng.internal.TestMethodWorker.run(TestMethodWorker.java:109)
at org.testng.TestRunner.privateRun(TestRunner.java:648)
at org.testng.TestRunner.run(TestRunner.java:505)
at org.testng.SuiteRunner.runTest(SuiteRunner.java:455)
at org.testng.SuiteRunner.runSequentially(SuiteRunner.java:450)
at org.testng.SuiteRunner.privateRun(SuiteRunner.java:415)
at org.testng.SuiteRunner.run(SuiteRunner.java:364)
at org.testng.SuiteRunnerWorker.runSuite(SuiteRunnerWorker.java:52)
at org.testng.SuiteRunnerWorker.run(SuiteRunnerWorker.java:84)
at org.testng.TestNG.runSuitesSequentially(TestNG.java:1208)
at org.testng.TestNG.runSuitesSequentially(TestNG.java:1204)
at org.testng.TestNG.runSuitesLocally(TestNG.java:1137)
at org.testng.TestNG.runSuites(TestNG.java:1049)
at org.testng.TestNG.run(TestNG.java:1017)
at org.apache.maven.surefire.testng.TestNGExecutor.run(TestNGExecutor.java:283)
at org.apache.maven.surefire.testng.TestNGXmlTestSuite.execute(TestNGXmlTestSuite.java:75)
at org.apache.maven.surefire.testng.TestNGProvider.invoke(TestNGProvider.java:120)
at org.apache.maven.surefire.booter.ForkedBooter.runSuitesInProcess(ForkedBooter.java:377)
at org.apache.maven.surefire.booter.ForkedBooter.execute(ForkedBooter.java:138)
at org.apache.maven.surefire.booter.ForkedBooter.run(ForkedBooter.java:465)
at org.apache.maven.surefire.booter.ForkedBooter.main(ForkedBooter.java:451)
Caused by: org.openqa.selenium.NoSuchElementException: no such element: Unable to locate element: {"method":"css selector","selector":"#header\-user\-nom"}
  (Session info: chrome=84.0.4147.89)
For documentation on this error, please visit: https://www.seleniumhq.org/exceptions/no_such_element.html
Build info: version: '3.141.59', revision: 'e82be7d358', time: '2018-11-14T08:17:03'
System info: host: 'DESKTOP-G6VBFF2', ip: '192.168.10.145', os.name: 'Windows 10', os.arch: 'amd64', os.version: '10.0', java.version: '11.0.8'
Driver info: org.openqa.selenium.chrome.ChromeDriver
Capabilities {acceptInsecureCerts: false, browserName: chrome, browserVersion: 84.0.4147.89, chrome: {chromedriverVersion: 83.0.4103.39 (ccbf011cb2d2b..., userDataDir: C:\Users\LIDIA~1.PER\AppDat...}, goog:chromeOptions: {debuggerAddress: localhost:57047}, javascriptEnabled: true, networkConnectionEnabled: false, pageLoadStrategy: normal, platform: WINDOWS, platformName: WINDOWS, proxy: Proxy(), setWindowRect: true, strictFileInteractability: false, timeouts: {implicit: 0, pageLoad: 300000, script: 30000}, unhandledPromptBehavior: dismiss and notify, webauthn:virtualAuthenticators: true}
Session ID: 6ce86f04ab34c8d217628feae8941bb7
*** Element info: {Using=id, value=header-user-nom}
at jdk.internal.reflect.GeneratedConstructorAccessor13.newInstance(Unknown Source)
at java.base/jdk.internal.reflect.DelegatingConstructorAccessorImpl.newInstance(DelegatingConstructorAccessorImpl.java:45)
at java.base/java.lang.reflect.Constructor.newInstance(Constructor.java:490)
at org.openqa.selenium.remote.http.W3CHttpResponseCodec.createException(W3CHttpResponseCodec.java:187)
at org.openqa.selenium.remote.http.W3CHttpResponseCodec.decode(W3CHttpResponseCodec.java:122)
at org.openqa.selenium.remote.http.W3CHttpResponseCodec.decode(W3CHttpResponseCodec.java:49)
at org.openqa.selenium.remote.HttpCommandExecutor.execute(HttpCommandExecutor.java:158)
at org.openqa.selenium.remote.service.DriverCommandExecutor.execute(DriverCommandExecutor.java:83)
at org.openqa.selenium.remote.RemoteWebDriver.execute(RemoteWebDriver.java:552)
at org.openqa.selenium.remote.RemoteWebDriver.findElement(RemoteWebDriver.java:323)
at org.openqa.selenium.remote.RemoteWebDriver.findElementById(RemoteWebDriver.java:372)
at org.openqa.selenium.By$ById.findElement(By.java:188)
at org.openqa.selenium.remote.RemoteWebDriver.findElement(RemoteWebDriver.java:315)
at org.openqa.selenium.support.ui.ExpectedConditions$7.apply(ExpectedConditions.java:205)
at org.openqa.selenium.support.ui.ExpectedConditions$7.apply(ExpectedConditions.java:201)
at org.openqa.selenium.support.ui.FluentWait.until(FluentWait.java:249)
... 34 more
]]>
            </full-stacktrace>
          </exception> <!-- org.openqa.selenium.TimeoutException -->
          <reporter-output>
          </reporter-output>
        </test-method> <!-- registerTest -->
        <test-method is-config="true" signature="tearDown()[pri:0, instance:com.mundijuegos.registerTest.RegisterTest@df6620a]" started-at="2020-07-20T15:11:53Z" name="tearDown" finished-at="2020-07-20T15:11:53Z" duration-ms="624" status="PASS">
          <reporter-output>
          </reporter-output>
        </test-method> <!-- tearDown -->
      </class> <!-- com.mundijuegos.registerTest.RegisterTest -->
    </test> <!-- RegisterTest - CHROME -->
    <test started-at="2020-07-20T15:11:53Z" name="RegisterTest - FIREFOX" finished-at="2020-07-20T15:12:03Z" duration-ms="9813">
      <class name="com.mundijuegos.registerTest.RegisterTest">
        <test-method is-config="true" signature="Setup(java.lang.String, org.testng.ITestContext)[pri:0, instance:com.mundijuegos.registerTest.RegisterTest@5be49b60]" started-at="2020-07-20T15:11:53Z" name="Setup" finished-at="2020-07-20T15:11:56Z" duration-ms="2944" status="PASS">
          <params>
            <param index="0">
              <value>
                <![CDATA[firefox]]>
              </value>
            </param>
            <param index="1">
              <value>
                <![CDATA[org.testng.TestRunner@29147c12]]>
              </value>
            </param>
          </params>
          <reporter-output>
          </reporter-output>
        </test-method> <!-- Setup -->
        <test-method signature="registerTest()[pri:1, instance:com.mundijuegos.registerTest.RegisterTest@5be49b60]" started-at="2020-07-20T15:11:56Z" name="registerTest" finished-at="2020-07-20T15:12:02Z" duration-ms="5966" status="PASS">
          <reporter-output>
          </reporter-output>
        </test-method> <!-- registerTest -->
        <test-method is-config="true" signature="tearDown()[pri:0, instance:com.mundijuegos.registerTest.RegisterTest@5be49b60]" started-at="2020-07-20T15:12:02Z" name="tearDown" finished-at="2020-07-20T15:12:03Z" duration-ms="902" status="PASS">
          <reporter-output>
          </reporter-output>
        </test-method> <!-- tearDown -->
      </class> <!-- com.mundijuegos.registerTest.RegisterTest -->
    </test> <!-- RegisterTest - FIREFOX -->
  </suite> <!-- RegisterTestSuite -->
  <suite started-at="2020-07-20T15:10:30Z" name="LogoutTestSuite" finished-at="2020-07-20T15:10:49Z" duration-ms="18477">
    <groups>
    </groups>
    <test started-at="2020-07-20T15:10:30Z" name="LogoutTest - CHROME" finished-at="2020-07-20T15:10:40Z" duration-ms="9725">
      <class name="com.mundijuegos.logoutTest.LogoutTests">
        <test-method is-config="true" signature="Setup(java.lang.String, org.testng.ITestContext)[pri:0, instance:com.mundijuegos.logoutTest.LogoutTests@11bb571c]" started-at="2020-07-20T15:10:30Z" name="Setup" finished-at="2020-07-20T15:10:36Z" duration-ms="5198" status="PASS">
          <params>
            <param index="0">
              <value>
                <![CDATA[chrome]]>
              </value>
            </param>
            <param index="1">
              <value>
                <![CDATA[org.testng.TestRunner@5f45bc8e]]>
              </value>
            </param>
          </params>
          <reporter-output>
          </reporter-output>
        </test-method> <!-- Setup -->
        <test-method signature="logoutTest(java.lang.String, java.lang.String)[pri:1, instance:com.mundijuegos.logoutTest.LogoutTests@11bb571c]" started-at="2020-07-20T15:10:36Z" name="logoutTest" finished-at="2020-07-20T15:10:40Z" duration-ms="3926" status="PASS">
          <params>
            <param index="0">
              <value>
                <![CDATA[Nicoroots]]>
              </value>
            </param>
            <param index="1">
              <value>
                <![CDATA[Baator1985]]>
              </value>
            </param>
          </params>
          <reporter-output>
          </reporter-output>
        </test-method> <!-- logoutTest -->
        <test-method is-config="true" signature="tearDown()[pri:0, instance:com.mundijuegos.logoutTest.LogoutTests@11bb571c]" started-at="2020-07-20T15:10:40Z" name="tearDown" finished-at="2020-07-20T15:10:40Z" duration-ms="600" status="PASS">
          <reporter-output>
          </reporter-output>
        </test-method> <!-- tearDown -->
      </class> <!-- com.mundijuegos.logoutTest.LogoutTests -->
    </test> <!-- LogoutTest - CHROME -->
    <test started-at="2020-07-20T15:10:40Z" name="LogoutTest - FIREFOX" finished-at="2020-07-20T15:10:49Z" duration-ms="8748">
      <class name="com.mundijuegos.logoutTest.LogoutTests">
        <test-method is-config="true" signature="Setup(java.lang.String, org.testng.ITestContext)[pri:0, instance:com.mundijuegos.logoutTest.LogoutTests@57576994]" started-at="2020-07-20T15:10:40Z" name="Setup" finished-at="2020-07-20T15:10:43Z" duration-ms="2953" status="PASS">
          <params>
            <param index="0">
              <value>
                <![CDATA[firefox]]>
              </value>
            </param>
            <param index="1">
              <value>
                <![CDATA[org.testng.TestRunner@33e50ff2]]>
              </value>
            </param>
          </params>
          <reporter-output>
          </reporter-output>
        </test-method> <!-- Setup -->
        <test-method signature="logoutTest(java.lang.String, java.lang.String)[pri:1, instance:com.mundijuegos.logoutTest.LogoutTests@57576994]" started-at="2020-07-20T15:10:43Z" name="logoutTest" finished-at="2020-07-20T15:10:48Z" duration-ms="4672" status="PASS">
          <params>
            <param index="0">
              <value>
                <![CDATA[Nicoroots]]>
              </value>
            </param>
            <param index="1">
              <value>
                <![CDATA[Baator1985]]>
              </value>
            </param>
          </params>
          <reporter-output>
          </reporter-output>
        </test-method> <!-- logoutTest -->
        <test-method is-config="true" signature="tearDown()[pri:0, instance:com.mundijuegos.logoutTest.LogoutTests@57576994]" started-at="2020-07-20T15:10:48Z" name="tearDown" finished-at="2020-07-20T15:10:49Z" duration-ms="1122" status="PASS">
          <reporter-output>
          </reporter-output>
        </test-method> <!-- tearDown -->
      </class> <!-- com.mundijuegos.logoutTest.LogoutTests -->
    </test> <!-- LogoutTest - FIREFOX -->
  </suite> <!-- LogoutTestSuite -->
  <suite started-at="2020-07-20T15:12:03Z" name="VideoBingoTestSuite" finished-at="2020-07-20T15:12:29Z" duration-ms="25983">
    <groups>
    </groups>
    <test started-at="2020-07-20T15:12:03Z" name="VideoBingoTest - CHROME" finished-at="2020-07-20T15:12:17Z" duration-ms="14168">
      <class name="com.mundijuegos.videoBingo.VideoBingoTest">
        <test-method is-config="true" signature="Setup(java.lang.String, org.testng.ITestContext)[pri:0, instance:com.mundijuegos.videoBingo.VideoBingoTest@6cb6decd]" started-at="2020-07-20T15:12:03Z" name="Setup" finished-at="2020-07-20T15:12:08Z" duration-ms="5141" status="PASS">
          <params>
            <param index="0">
              <value>
                <![CDATA[chrome]]>
              </value>
            </param>
            <param index="1">
              <value>
                <![CDATA[org.testng.TestRunner@7ab33ca8]]>
              </value>
            </param>
          </params>
          <reporter-output>
          </reporter-output>
        </test-method> <!-- Setup -->
        <test-method signature="launchVideoBingo(java.lang.String, java.lang.String)[pri:1, instance:com.mundijuegos.videoBingo.VideoBingoTest@6cb6decd]" started-at="2020-07-20T15:12:08Z" name="launchVideoBingo" finished-at="2020-07-20T15:12:17Z" duration-ms="8409" status="PASS">
          <params>
            <param index="0">
              <value>
                <![CDATA[Nicoroots]]>
              </value>
            </param>
            <param index="1">
              <value>
                <![CDATA[Baator1985]]>
              </value>
            </param>
          </params>
          <reporter-output>
          </reporter-output>
        </test-method> <!-- launchVideoBingo -->
        <test-method is-config="true" signature="tearDown()[pri:0, instance:com.mundijuegos.videoBingo.VideoBingoTest@6cb6decd]" started-at="2020-07-20T15:12:17Z" name="tearDown" finished-at="2020-07-20T15:12:17Z" duration-ms="616" status="PASS">
          <reporter-output>
          </reporter-output>
        </test-method> <!-- tearDown -->
      </class> <!-- com.mundijuegos.videoBingo.VideoBingoTest -->
    </test> <!-- VideoBingoTest - CHROME -->
    <test started-at="2020-07-20T15:12:17Z" name="VideoBingoTest - FIREFOX" finished-at="2020-07-20T15:12:29Z" duration-ms="11812">
      <class name="com.mundijuegos.videoBingo.VideoBingoTest">
        <test-method is-config="true" signature="Setup(java.lang.String, org.testng.ITestContext)[pri:0, instance:com.mundijuegos.videoBingo.VideoBingoTest@2474f125]" started-at="2020-07-20T15:12:17Z" name="Setup" finished-at="2020-07-20T15:12:21Z" duration-ms="3433" status="PASS">
          <params>
            <param index="0">
              <value>
                <![CDATA[firefox]]>
              </value>
            </param>
            <param index="1">
              <value>
                <![CDATA[org.testng.TestRunner@704d3b00]]>
              </value>
            </param>
          </params>
          <reporter-output>
          </reporter-output>
        </test-method> <!-- Setup -->
        <test-method signature="launchVideoBingo(java.lang.String, java.lang.String)[pri:1, instance:com.mundijuegos.videoBingo.VideoBingoTest@2474f125]" started-at="2020-07-20T15:12:21Z" name="launchVideoBingo" finished-at="2020-07-20T15:12:28Z" duration-ms="7299" status="PASS">
          <params>
            <param index="0">
              <value>
                <![CDATA[Nicoroots]]>
              </value>
            </param>
            <param index="1">
              <value>
                <![CDATA[Baator1985]]>
              </value>
            </param>
          </params>
          <reporter-output>
          </reporter-output>
        </test-method> <!-- launchVideoBingo -->
        <test-method is-config="true" signature="tearDown()[pri:0, instance:com.mundijuegos.videoBingo.VideoBingoTest@2474f125]" started-at="2020-07-20T15:12:28Z" name="tearDown" finished-at="2020-07-20T15:12:29Z" duration-ms="1080" status="PASS">
          <reporter-output>
          </reporter-output>
        </test-method> <!-- tearDown -->
      </class> <!-- com.mundijuegos.videoBingo.VideoBingoTest -->
    </test> <!-- VideoBingoTest - FIREFOX -->
  </suite> <!-- VideoBingoTestSuite -->
  <suite started-at="2020-07-20T15:10:49Z" name="LoginTestWithFacebookSuite" finished-at="2020-07-20T15:11:15Z" duration-ms="25878">
    <groups>
      <group name="positiveTests">
        <method signature="LoginWithFacebookTest.positiveFacebookLoginTest(java.lang.String, java.lang.String)[pri:1, instance:com.mundijuegos.loginWithFacebook.LoginWithFacebookTest@1d483de4]" name="positiveFacebookLoginTest" class="com.mundijuegos.loginWithFacebook.LoginWithFacebookTest"/>
        <method signature="LoginWithFacebookTest.positiveFacebookLoginTest(java.lang.String, java.lang.String)[pri:1, instance:com.mundijuegos.loginWithFacebook.LoginWithFacebookTest@b83a9be]" name="positiveFacebookLoginTest" class="com.mundijuegos.loginWithFacebook.LoginWithFacebookTest"/>
      </group> <!-- positiveTests -->
    </groups>
    <test started-at="2020-07-20T15:10:49Z" name="PositiveTest - Facebook - CHROME" finished-at="2020-07-20T15:11:03Z" duration-ms="13612">
      <class name="com.mundijuegos.loginWithFacebook.LoginWithFacebookTest">
        <test-method is-config="true" signature="Setup(java.lang.String, org.testng.ITestContext)[pri:0, instance:com.mundijuegos.loginWithFacebook.LoginWithFacebookTest@1d483de4]" started-at="2020-07-20T15:10:49Z" name="Setup" finished-at="2020-07-20T15:10:54Z" duration-ms="5145" status="PASS">
          <params>
            <param index="0">
              <value>
                <![CDATA[chrome]]>
              </value>
            </param>
            <param index="1">
              <value>
                <![CDATA[org.testng.TestRunner@21e484b]]>
              </value>
            </param>
          </params>
          <reporter-output>
          </reporter-output>
        </test-method> <!-- Setup -->
        <test-method signature="positiveFacebookLoginTest(java.lang.String, java.lang.String)[pri:1, instance:com.mundijuegos.loginWithFacebook.LoginWithFacebookTest@1d483de4]" started-at="2020-07-20T15:10:54Z" name="positiveFacebookLoginTest" finished-at="2020-07-20T15:11:02Z" duration-ms="7839" status="PASS">
          <params>
            <param index="0">
              <value>
                <![CDATA[nicotangelo1@gmail.com]]>
              </value>
            </param>
            <param index="1">
              <value>
                <![CDATA[Baator1985]]>
              </value>
            </param>
          </params>
          <reporter-output>
          </reporter-output>
        </test-method> <!-- positiveFacebookLoginTest -->
        <test-method is-config="true" signature="tearDown()[pri:0, instance:com.mundijuegos.loginWithFacebook.LoginWithFacebookTest@1d483de4]" started-at="2020-07-20T15:11:02Z" name="tearDown" finished-at="2020-07-20T15:11:03Z" duration-ms="627" status="PASS">
          <reporter-output>
          </reporter-output>
        </test-method> <!-- tearDown -->
      </class> <!-- com.mundijuegos.loginWithFacebook.LoginWithFacebookTest -->
    </test> <!-- PositiveTest - Facebook - CHROME -->
    <test started-at="2020-07-20T15:11:03Z" name="PositiveTest- Facebook - FIREFOX" finished-at="2020-07-20T15:11:15Z" duration-ms="12255">
      <class name="com.mundijuegos.loginWithFacebook.LoginWithFacebookTest">
        <test-method is-config="true" signature="Setup(java.lang.String, org.testng.ITestContext)[pri:0, instance:com.mundijuegos.loginWithFacebook.LoginWithFacebookTest@b83a9be]" started-at="2020-07-20T15:11:03Z" name="Setup" finished-at="2020-07-20T15:11:06Z" duration-ms="2975" status="PASS">
          <params>
            <param index="0">
              <value>
                <![CDATA[firefox]]>
              </value>
            </param>
            <param index="1">
              <value>
                <![CDATA[org.testng.TestRunner@191f4d65]]>
              </value>
            </param>
          </params>
          <reporter-output>
          </reporter-output>
        </test-method> <!-- Setup -->
        <test-method signature="positiveFacebookLoginTest(java.lang.String, java.lang.String)[pri:1, instance:com.mundijuegos.loginWithFacebook.LoginWithFacebookTest@b83a9be]" started-at="2020-07-20T15:11:06Z" name="positiveFacebookLoginTest" finished-at="2020-07-20T15:11:14Z" duration-ms="7944" status="PASS">
          <params>
            <param index="0">
              <value>
                <![CDATA[nicotangelo1@gmail.com]]>
              </value>
            </param>
            <param index="1">
              <value>
                <![CDATA[Baator1985]]>
              </value>
            </param>
          </params>
          <reporter-output>
          </reporter-output>
        </test-method> <!-- positiveFacebookLoginTest -->
        <test-method is-config="true" signature="tearDown()[pri:0, instance:com.mundijuegos.loginWithFacebook.LoginWithFacebookTest@b83a9be]" started-at="2020-07-20T15:11:14Z" name="tearDown" finished-at="2020-07-20T15:11:15Z" duration-ms="1335" status="PASS">
          <reporter-output>
          </reporter-output>
        </test-method> <!-- tearDown -->
      </class> <!-- com.mundijuegos.loginWithFacebook.LoginWithFacebookTest -->
    </test> <!-- PositiveTest- Facebook - FIREFOX -->
    <test started-at="2020-07-20T15:11:15Z" name="NegativeTests - Facebook - CHROME" finished-at="2020-07-20T15:11:15Z" duration-ms="0">
    </test> <!-- NegativeTests - Facebook - CHROME -->
    <test started-at="2020-07-20T15:11:15Z" name="NegativeTests - Facebook - FIREFOX" finished-at="2020-07-20T15:11:15Z" duration-ms="0">
    </test> <!-- NegativeTests - Facebook - FIREFOX -->
  </suite> <!-- LoginTestWithFacebookSuite -->
</testng-results>
