<!DOCTYPE html>

<html>
  <head>
  <meta charset='utf-8'>
  <title>TestNG reports</title>

    <link type="text/css" href="testng-reports.css" rel="stylesheet" />
    <script type="text/javascript" src="jquery-1.7.1.min.js"></script>
    <script type="text/javascript" src="testng-reports.js"></script>
    <script type="text/javascript" src="https://www.google.com/jsapi"></script>
    <script type='text/javascript'>
      google.load('visualization', '1', {packages:['table']});
      google.setOnLoadCallback(drawTable);
      var suiteTableInitFunctions = new Array();
      var suiteTableData = new Array();
    </script>
    <!--
      <script type="text/javascript" src="jquery-ui/js/jquery-ui-1.8.16.custom.min.js"></script>
     -->
  </head>

  <body>
    <div class="top-banner-root">
      <span class="top-banner-title-font">Test results</span>
      <br/>
      <span class="top-banner-font-1">1 suite, 2 failed tests</span>
    </div> <!-- top-banner-root -->
    <div class="navigator-root">
      <div class="navigator-suite-header">
        <span>All suites</span>
        <a href="#" title="Collapse/expand all the suites" class="collapse-all-link">
          <img src="collapseall.gif" class="collapse-all-icon">
          </img> <!-- collapse-all-icon -->
        </a> <!-- collapse-all-link -->
      </div> <!-- navigator-suite-header -->
      <div class="suite">
        <div class="rounded-window">
          <div class="suite-header light-rounded-window-top">
            <a href="#" panel-name="suite-LoginTestWithGoogleSuite" class="navigator-link">
              <span class="suite-name border-failed">LoginTestWithGoogleSuite</span>
            </a> <!-- navigator-link -->
          </div> <!-- suite-header light-rounded-window-top -->
          <div class="navigator-suite-content">
            <div class="suite-section-title">
              <span>Info</span>
            </div> <!-- suite-section-title -->
            <div class="suite-section-content">
              <ul>
                <li>
                  <a href="#" panel-name="test-xml-LoginTestWithGoogleSuite" class="navigator-link ">
                    <span>C:\Dev\AutomationTestingForMundijuegos\src\test\resources\TestSuites\LoginWithGoogleTest.xml</span>
                  </a> <!-- navigator-link  -->
                </li>
                <li>
                  <a href="#" panel-name="testlist-LoginTestWithGoogleSuite" class="navigator-link ">
                    <span class="test-stats">2 tests</span>
                  </a> <!-- navigator-link  -->
                </li>
                <li>
                  <a href="#" panel-name="group-LoginTestWithGoogleSuite" class="navigator-link ">
                    <span>1 group</span>
                  </a> <!-- navigator-link  -->
                </li>
                <li>
                  <a href="#" panel-name="times-LoginTestWithGoogleSuite" class="navigator-link ">
                    <span>Times</span>
                  </a> <!-- navigator-link  -->
                </li>
                <li>
                  <a href="#" panel-name="reporter-LoginTestWithGoogleSuite" class="navigator-link ">
                    <span>Reporter output</span>
                  </a> <!-- navigator-link  -->
                </li>
                <li>
                  <a href="#" panel-name="ignored-methods-LoginTestWithGoogleSuite" class="navigator-link ">
                    <span>Ignored methods</span>
                  </a> <!-- navigator-link  -->
                </li>
                <li>
                  <a href="#" panel-name="chronological-LoginTestWithGoogleSuite" class="navigator-link ">
                    <span>Chronological view</span>
                  </a> <!-- navigator-link  -->
                </li>
              </ul>
            </div> <!-- suite-section-content -->
            <div class="result-section">
              <div class="suite-section-title">
                <span>Results</span>
              </div> <!-- suite-section-title -->
              <div class="suite-section-content">
                <ul>
                  <li>
                    <span class="method-stats">2 methods, 2 failed,   </span>
                  </li>
                  <li>
                    <span class="method-list-title failed">Failed methods</span>
                    <span class="show-or-hide-methods failed">
                      <a href="#" panel-name="suite-LoginTestWithGoogleSuite" class="hide-methods failed suite-LoginTestWithGoogleSuite"> (hide)</a> <!-- hide-methods failed suite-LoginTestWithGoogleSuite -->
                      <a href="#" panel-name="suite-LoginTestWithGoogleSuite" class="show-methods failed suite-LoginTestWithGoogleSuite"> (show)</a> <!-- show-methods failed suite-LoginTestWithGoogleSuite -->
                    </span>
                    <div class="method-list-content failed suite-LoginTestWithGoogleSuite">
                      <span>
                        <img src="failed.png" width="3%"/>
                        <a href="#" panel-name="suite-LoginTestWithGoogleSuite" title="com.mundijuegos.loginWithGoogle.LoginWithGoogleTests" class="method navigator-link" hash-for-method="positiveGoogleLoginTest(nicotangelo1@gmail.com, Baator1985)">positiveGoogleLoginTest(nicotangelo1@gmail.com, Baator1985)</a> <!-- method navigator-link -->
                      </span>
                      <br/>
                      <span>
                        <img src="failed.png" width="3%"/>
                        <a href="#" panel-name="suite-LoginTestWithGoogleSuite" title="com.mundijuegos.loginWithGoogle.LoginWithGoogleTests" class="method navigator-link" hash-for-method="positiveGoogleLoginTest(nicotangelo1@gmail.com, Baator1985)">positiveGoogleLoginTest(nicotangelo1@gmail.com, Baator1985)</a> <!-- method navigator-link -->
                      </span>
                      <br/>
                    </div> <!-- method-list-content failed suite-LoginTestWithGoogleSuite -->
                  </li>
                </ul>
              </div> <!-- suite-section-content -->
            </div> <!-- result-section -->
          </div> <!-- navigator-suite-content -->
        </div> <!-- rounded-window -->
      </div> <!-- suite -->
    </div> <!-- navigator-root -->
    <div class="wrapper">
      <div class="main-panel-root">
        <div panel-name="suite-LoginTestWithGoogleSuite" class="panel LoginTestWithGoogleSuite">
          <div class="suite-LoginTestWithGoogleSuite-class-failed">
            <div class="main-panel-header rounded-window-top">
              <img src="failed.png"/>
              <span class="class-name">com.mundijuegos.loginWithGoogle.LoginWithGoogleTests</span>
            </div> <!-- main-panel-header rounded-window-top -->
            <div class="main-panel-content rounded-window-bottom">
              <div class="method">
                <div class="method-content">
                  <a name="positiveGoogleLoginTest(nicotangelo1@gmail.com, Baator1985)">
                  </a> <!-- positiveGoogleLoginTest(nicotangelo1@gmail.com, Baator1985) -->
                  <span class="method-name">positiveGoogleLoginTest</span>
                  <span class="parameters">(nicotangelo1@gmail.com, Baator1985)</span>
                  <div class="stack-trace">org.openqa.selenium.TimeoutException: Expected condition failed: waiting for visibility of element located by By.id: header-user-nom (tried for 30 second(s) with 500 milliseconds interval)
	at org.openqa.selenium.support.ui.WebDriverWait.timeoutException(WebDriverWait.java:95)
	at org.openqa.selenium.support.ui.FluentWait.until(FluentWait.java:272)
	at com.mundijuegos.pages.BasePageObject.waitFor(BasePageObject.java:124)
	at com.mundijuegos.pages.BasePageObject.waitForVisibilityOf(BasePageObject.java:132)
	at com.mundijuegos.pages.HeaderAndFooterPageObject.waitForAccountName(HeaderAndFooterPageObject.java:62)
	at com.mundijuegos.loginWithGoogle.LoginWithGoogleTests.positiveGoogleLoginTest(LoginWithGoogleTests.java:33)
Caused by: org.openqa.selenium.NoSuchElementException: no such element: Unable to locate element: {&quot;method&quot;:&quot;css selector&quot;,&quot;selector&quot;:&quot;#header\-user\-nom&quot;}
  (Session info: chrome=85.0.4183.121)
For documentation on this error, please visit: https://www.seleniumhq.org/exceptions/no_such_element.html
Build info: version: &apos;3.141.59&apos;, revision: &apos;e82be7d358&apos;, time: &apos;2018-11-14T08:17:03&apos;
System info: host: &apos;DESKTOP-G6VBFF2&apos;, ip: &apos;192.168.1.39&apos;, os.name: &apos;Windows 10&apos;, os.arch: &apos;amd64&apos;, os.version: &apos;10.0&apos;, java.version: &apos;11.0.8&apos;
Driver info: org.openqa.selenium.chrome.ChromeDriver
Capabilities {acceptInsecureCerts: false, browserName: chrome, browserVersion: 85.0.4183.121, chrome: {chromedriverVersion: 85.0.4183.87 (cd6713ebf92fa..., userDataDir: C:\Users\LIDIA~1.PER\AppDat...}, goog:chromeOptions: {debuggerAddress: localhost:51988}, javascriptEnabled: true, networkConnectionEnabled: false, pageLoadStrategy: normal, platform: WINDOWS, platformName: WINDOWS, proxy: Proxy(), setWindowRect: true, strictFileInteractability: false, timeouts: {implicit: 0, pageLoad: 300000, script: 30000}, unhandledPromptBehavior: dismiss and notify, webauthn:virtualAuthenticators: true}
Session ID: 6f64a74fd1a800c767adfbeee1b1e6b8
*** Element info: {Using=id, value=header-user-nom}
	at org.openqa.selenium.remote.http.W3CHttpResponseCodec.createException(W3CHttpResponseCodec.java:187)
	at org.openqa.selenium.remote.http.W3CHttpResponseCodec.decode(W3CHttpResponseCodec.java:122)
	at org.openqa.selenium.remote.http.W3CHttpResponseCodec.decode(W3CHttpResponseCodec.java:49)
	at org.openqa.selenium.remote.HttpCommandExecutor.execute(HttpCommandExecutor.java:158)
	at org.openqa.selenium.remote.service.DriverCommandExecutor.execute(DriverCommandExecutor.java:83)
	at org.openqa.selenium.remote.RemoteWebDriver.execute(RemoteWebDriver.java:552)
	at org.openqa.selenium.remote.RemoteWebDriver.findElement(RemoteWebDriver.java:323)
	at org.openqa.selenium.remote.RemoteWebDriver.findElementById(RemoteWebDriver.java:372)
	at org.openqa.selenium.By$ById.findElement(By.java:188)
	at org.openqa.selenium.remote.RemoteWebDriver.findElement(RemoteWebDriver.java:315)
	at org.openqa.selenium.support.ui.ExpectedConditions$7.apply(ExpectedConditions.java:205)
	at org.openqa.selenium.support.ui.ExpectedConditions$7.apply(ExpectedConditions.java:201)
	at org.openqa.selenium.support.ui.FluentWait.until(FluentWait.java:249)
	... 29 more
... Removed 28 stack frames
</div> <!-- stack-trace -->
                </div> <!-- method-content -->
              </div> <!-- method -->
              <div class="method">
                <div class="method-content">
                  <a name="positiveGoogleLoginTest(nicotangelo1@gmail.com, Baator1985)">
                  </a> <!-- positiveGoogleLoginTest(nicotangelo1@gmail.com, Baator1985) -->
                  <span class="method-name">positiveGoogleLoginTest</span>
                  <span class="parameters">(nicotangelo1@gmail.com, Baator1985)</span>
                  <div class="stack-trace">org.openqa.selenium.TimeoutException: Expected condition failed: waiting for visibility of element located by By.id: header-user-nom (tried for 30 second(s) with 500 milliseconds interval)
	at org.openqa.selenium.support.ui.WebDriverWait.timeoutException(WebDriverWait.java:95)
	at org.openqa.selenium.support.ui.FluentWait.until(FluentWait.java:272)
	at com.mundijuegos.pages.BasePageObject.waitFor(BasePageObject.java:124)
	at com.mundijuegos.pages.BasePageObject.waitForVisibilityOf(BasePageObject.java:132)
	at com.mundijuegos.pages.HeaderAndFooterPageObject.waitForAccountName(HeaderAndFooterPageObject.java:62)
	at com.mundijuegos.loginWithGoogle.LoginWithGoogleTests.positiveGoogleLoginTest(LoginWithGoogleTests.java:33)
Caused by: org.openqa.selenium.NoSuchElementException: Unable to locate element: #header\-user\-nom
For documentation on this error, please visit: https://www.seleniumhq.org/exceptions/no_such_element.html
Build info: version: &apos;3.141.59&apos;, revision: &apos;e82be7d358&apos;, time: &apos;2018-11-14T08:17:03&apos;
System info: host: &apos;DESKTOP-G6VBFF2&apos;, ip: &apos;192.168.1.39&apos;, os.name: &apos;Windows 10&apos;, os.arch: &apos;amd64&apos;, os.version: &apos;10.0&apos;, java.version: &apos;11.0.8&apos;
Driver info: org.openqa.selenium.firefox.FirefoxDriver
Capabilities {acceptInsecureCerts: true, browserName: firefox, browserVersion: 80.0.1, javascriptEnabled: true, moz:accessibilityChecks: false, moz:buildID: 20200831163820, moz:geckodriverVersion: 0.26.0, moz:headless: false, moz:processID: 8548, moz:profile: C:\Users\lidia.perez\AppDat..., moz:shutdownTimeout: 60000, moz:useNonSpecCompliantPointerOrigin: false, moz:webdriverClick: true, pageLoadStrategy: normal, platform: WINDOWS, platformName: WINDOWS, platformVersion: 10.0, rotatable: false, setWindowRect: true, strictFileInteractability: false, timeouts: {implicit: 0, pageLoad: 300000, script: 30000}, unhandledPromptBehavior: dismiss and notify}
Session ID: 8a816298-f815-4f61-98bc-6e261aa07a3c
*** Element info: {Using=id, value=header-user-nom}
	at org.openqa.selenium.remote.http.W3CHttpResponseCodec.createException(W3CHttpResponseCodec.java:187)
	at org.openqa.selenium.remote.http.W3CHttpResponseCodec.decode(W3CHttpResponseCodec.java:122)
	at org.openqa.selenium.remote.http.W3CHttpResponseCodec.decode(W3CHttpResponseCodec.java:49)
	at org.openqa.selenium.remote.HttpCommandExecutor.execute(HttpCommandExecutor.java:158)
	at org.openqa.selenium.remote.service.DriverCommandExecutor.execute(DriverCommandExecutor.java:83)
	at org.openqa.selenium.remote.RemoteWebDriver.execute(RemoteWebDriver.java:552)
	at org.openqa.selenium.remote.RemoteWebDriver.findElement(RemoteWebDriver.java:323)
	at org.openqa.selenium.remote.RemoteWebDriver.findElementById(RemoteWebDriver.java:372)
	at org.openqa.selenium.By$ById.findElement(By.java:188)
	at org.openqa.selenium.remote.RemoteWebDriver.findElement(RemoteWebDriver.java:315)
	at org.openqa.selenium.support.ui.ExpectedConditions$7.apply(ExpectedConditions.java:205)
	at org.openqa.selenium.support.ui.ExpectedConditions$7.apply(ExpectedConditions.java:201)
	at org.openqa.selenium.support.ui.FluentWait.until(FluentWait.java:249)
	... 29 more
... Removed 28 stack frames
</div> <!-- stack-trace -->
                </div> <!-- method-content -->
              </div> <!-- method -->
            </div> <!-- main-panel-content rounded-window-bottom -->
          </div> <!-- suite-LoginTestWithGoogleSuite-class-failed -->
        </div> <!-- panel LoginTestWithGoogleSuite -->
        <div panel-name="test-xml-LoginTestWithGoogleSuite" class="panel">
          <div class="main-panel-header rounded-window-top">
            <span class="header-content">C:\Dev\AutomationTestingForMundijuegos\src\test\resources\TestSuites\LoginWithGoogleTest.xml</span>
          </div> <!-- main-panel-header rounded-window-top -->
          <div class="main-panel-content rounded-window-bottom">
            <pre>
&lt;?xml version=&quot;1.0&quot; encoding=&quot;UTF-8&quot;?&gt;
&lt;!DOCTYPE suite SYSTEM &quot;http://testng.org/testng-1.0.dtd&quot;&gt;
&lt;suite name=&quot;LoginTestWithGoogleSuite&quot; guice-stage=&quot;DEVELOPMENT&quot;&gt;
  &lt;test thread-count=&quot;5&quot; name=&quot;PositiveTest - Google - CHROME&quot;&gt;
    &lt;parameter name=&quot;password&quot; value=&quot;Baator1985&quot;/&gt;
    &lt;parameter name=&quot;browser&quot; value=&quot;chrome&quot;/&gt;
    &lt;parameter name=&quot;username&quot; value=&quot;nicotangelo1@gmail.com&quot;/&gt;
    &lt;groups&gt;
      &lt;run&gt;
        &lt;include name=&quot;positiveTests&quot;/&gt;
      &lt;/run&gt;
    &lt;/groups&gt;
    &lt;classes&gt;
      &lt;class name=&quot;com.mundijuegos.loginWithGoogle.LoginWithGoogleTests&quot;/&gt;
    &lt;/classes&gt;
  &lt;/test&gt; &lt;!-- PositiveTest - Google - CHROME --&gt;
  &lt;test thread-count=&quot;5&quot; name=&quot;PositiveTest - Google - FIREFOX&quot;&gt;
    &lt;parameter name=&quot;password&quot; value=&quot;Baator1985&quot;/&gt;
    &lt;parameter name=&quot;browser&quot; value=&quot;firefox&quot;/&gt;
    &lt;parameter name=&quot;username&quot; value=&quot;nicotangelo1@gmail.com&quot;/&gt;
    &lt;groups&gt;
      &lt;run&gt;
        &lt;include name=&quot;positiveTests&quot;/&gt;
      &lt;/run&gt;
    &lt;/groups&gt;
    &lt;classes&gt;
      &lt;class name=&quot;com.mundijuegos.loginWithGoogle.LoginWithGoogleTests&quot;/&gt;
    &lt;/classes&gt;
  &lt;/test&gt; &lt;!-- PositiveTest - Google - FIREFOX --&gt;
&lt;/suite&gt; &lt;!-- LoginTestWithGoogleSuite --&gt;
            </pre>
          </div> <!-- main-panel-content rounded-window-bottom -->
        </div> <!-- panel -->
        <div panel-name="testlist-LoginTestWithGoogleSuite" class="panel">
          <div class="main-panel-header rounded-window-top">
            <span class="header-content">Tests for LoginTestWithGoogleSuite</span>
          </div> <!-- main-panel-header rounded-window-top -->
          <div class="main-panel-content rounded-window-bottom">
            <ul>
              <li>
                <span class="test-name">PositiveTest - Google - CHROME (1 class)</span>
              </li>
              <li>
                <span class="test-name">PositiveTest - Google - FIREFOX (1 class)</span>
              </li>
            </ul>
          </div> <!-- main-panel-content rounded-window-bottom -->
        </div> <!-- panel -->
        <div panel-name="group-LoginTestWithGoogleSuite" class="panel">
          <div class="main-panel-header rounded-window-top">
            <span class="header-content">Groups for LoginTestWithGoogleSuite</span>
          </div> <!-- main-panel-header rounded-window-top -->
          <div class="main-panel-content rounded-window-bottom">
            <div class="test-group">
              <span class="test-group-name">positiveTests</span>
              <br/>
              <div class="method-in-group">
                <span class="method-in-group-name">positiveGoogleLoginTest</span>
                <br/>
              </div> <!-- method-in-group -->
            </div> <!-- test-group -->
          </div> <!-- main-panel-content rounded-window-bottom -->
        </div> <!-- panel -->
        <div panel-name="times-LoginTestWithGoogleSuite" class="panel">
          <div class="main-panel-header rounded-window-top">
            <span class="header-content">Times for LoginTestWithGoogleSuite</span>
          </div> <!-- main-panel-header rounded-window-top -->
          <div class="main-panel-content rounded-window-bottom">
            <div class="times-div">
              <script type="text/javascript">
suiteTableInitFunctions.push('tableData_LoginTestWithGoogleSuite');
function tableData_LoginTestWithGoogleSuite() {
var data = new google.visualization.DataTable();
data.addColumn('number', 'Number');
data.addColumn('string', 'Method');
data.addColumn('string', 'Class');
data.addColumn('number', 'Time (ms)');
data.addRows(2);
data.setCell(0, 0, 0)
data.setCell(0, 1, 'positiveGoogleLoginTest')
data.setCell(0, 2, 'com.mundijuegos.loginWithGoogle.LoginWithGoogleTests')
data.setCell(0, 3, 41616);
data.setCell(1, 0, 1)
data.setCell(1, 1, 'positiveGoogleLoginTest')
data.setCell(1, 2, 'com.mundijuegos.loginWithGoogle.LoginWithGoogleTests')
data.setCell(1, 3, 36281);
window.suiteTableData['LoginTestWithGoogleSuite']= { tableData: data, tableDiv: 'times-div-LoginTestWithGoogleSuite'}
return data;
}
              </script>
              <span class="suite-total-time">Total running time: 1 minutes</span>
              <div id="times-div-LoginTestWithGoogleSuite">
              </div> <!-- times-div-LoginTestWithGoogleSuite -->
            </div> <!-- times-div -->
          </div> <!-- main-panel-content rounded-window-bottom -->
        </div> <!-- panel -->
        <div panel-name="reporter-LoginTestWithGoogleSuite" class="panel">
          <div class="main-panel-header rounded-window-top">
            <span class="header-content">Reporter output for LoginTestWithGoogleSuite</span>
          </div> <!-- main-panel-header rounded-window-top -->
          <div class="main-panel-content rounded-window-bottom">
          </div> <!-- main-panel-content rounded-window-bottom -->
        </div> <!-- panel -->
        <div panel-name="ignored-methods-LoginTestWithGoogleSuite" class="panel">
          <div class="main-panel-header rounded-window-top">
            <span class="header-content">0 ignored methods</span>
          </div> <!-- main-panel-header rounded-window-top -->
          <div class="main-panel-content rounded-window-bottom">
          </div> <!-- main-panel-content rounded-window-bottom -->
        </div> <!-- panel -->
        <div panel-name="chronological-LoginTestWithGoogleSuite" class="panel">
          <div class="main-panel-header rounded-window-top">
            <span class="header-content">Methods in chronological order</span>
          </div> <!-- main-panel-header rounded-window-top -->
          <div class="main-panel-content rounded-window-bottom">
            <div class="chronological-class">
              <div class="chronological-class-name">com.mundijuegos.loginWithGoogle.LoginWithGoogleTests</div> <!-- chronological-class-name -->
              <div class="configuration-method before">
                <span class="method-name">Setup(chrome, org.testng.TestRunner@92d1782)</span>
                <span class="method-start">0 ms</span>
              </div> <!-- configuration-method before -->
              <div class="test-method">
                <img src="failed.png">
                </img>
                <span class="method-name">positiveGoogleLoginTest(nicotangelo1@gmail.com, Baator1985)</span>
                <span class="method-start">6086 ms</span>
              </div> <!-- test-method -->
              <div class="configuration-method after">
                <span class="method-name">tearDown</span>
                <span class="method-start">42376 ms</span>
              </div> <!-- configuration-method after -->
              <div class="configuration-method before">
                <span class="method-name">Setup(firefox, org.testng.TestRunner@1319bc2a)</span>
                <span class="method-start">43053 ms</span>
              </div> <!-- configuration-method before -->
              <div class="test-method">
                <img src="failed.png">
                </img>
                <span class="method-name">positiveGoogleLoginTest(nicotangelo1@gmail.com, Baator1985)</span>
                <span class="method-start">46622 ms</span>
              </div> <!-- test-method -->
              <div class="configuration-method after">
                <span class="method-name">tearDown</span>
                <span class="method-start">88243 ms</span>
              </div> <!-- configuration-method after -->
          </div> <!-- main-panel-content rounded-window-bottom -->
        </div> <!-- panel -->
      </div> <!-- main-panel-root -->
    </div> <!-- wrapper -->
  </body>
</html>
